#
# There is insufficient memory for the Java Runtime Environment to continue.
# Native memory allocation (malloc) failed to allocate 2097152 bytes for AllocateHeap
# Possible reasons:
#   The system is out of physical RAM or swap space
#   The process is running with CompressedOops enabled, and the Java Heap may be blocking the growth of the native heap
# Possible solutions:
#   Reduce memory load on the system
#   Increase physical memory or swap space
#   Check if swap backing store is full
#   Decrease Java heap size (-Xmx/-Xms)
#   Decrease number of Java threads
#   Decrease Java thread stack sizes (-Xss)
#   Set larger code cache with -XX:ReservedCodeCacheSize=
#   JVM is running with Unscaled Compressed Oops mode in which the Java heap is
#     placed in the first 4GB address space. The Java Heap base address is the
#     maximum limit for the native heap growth. Please use -XX:HeapBaseMinAddress
#     to set the Java Heap base and to place the Java Heap above 4GB virtual address.
# This output file may be truncated or incomplete.
#
#  Out of Memory Error (./src/hotspot/share/memory/allocation.cpp:46), pid=10748, tid=19516
#
# JRE version: OpenJDK Runtime Environment JBR-11.0.13.7-1751.25-jcef (11.0.13+7) (build 11.0.13+7-b1751.25)
# Java VM: OpenJDK 64-Bit Server VM JBR-11.0.13.7-1751.25-jcef (11.0.13+7-b1751.25, mixed mode, tiered, compressed oops, g1 gc, windows-amd64)
# No core dump will be written. Minidumps are not enabled by default on client versions of Windows
#

---------------  S U M M A R Y ------------

Command Line: -Djava.rmi.server.hostname=127.0.0.1 -Duser.timezone=UTC -Xmx750m -Xms128m -Dfile.encoding=UTF-8 com.intellij.database.remote.RemoteJdbcServer org.mariadb.jdbc.Driver

Host: Intel(R) Core(TM) i5-3570 CPU @ 3.40GHz, 4 cores, 7G,  Windows 10 , 64 bit Build 19041 (10.0.19041.1566)
Time: Mon Apr 11 14:19:25 2022 대한민국 표준시 elapsed time: 399604.558459 seconds (4d 15h 0m 4s)

---------------  T H R E A D  ---------------

Current thread (0x00000281e9f82800):  VMThread "VM Thread" [stack: 0x000000b07fb00000,0x000000b07fc00000] [id=19516]

Stack: [0x000000b07fb00000,0x000000b07fc00000]
[error occurred during error reporting (printing stack bounds), id 0xc0000005, EXCEPTION_ACCESS_VIOLATION (0xc0000005) at pc=0x00000281d679112d]

Native frames: (J=compiled Java code, j=interpreted, Vv=VM code, C=native code)
V  [jvm.dll+0x613daa]
V  [jvm.dll+0x799b30]
V  [jvm.dll+0x79b14d]
V  [jvm.dll+0x79b785]
V  [jvm.dll+0x79b73b]
V  [jvm.dll+0x612ed4]
V  [jvm.dll+0x613668]
C  [ntdll.dll+0xa20cf]
C  [ntdll.dll+0x51454]
C  [ntdll.dll+0xa0bfe]
C  0x00000281d679112d

VM_Operation (0x000000b0009fee10): G1CollectFull, mode: safepoint, requested by thread 0x00000281eadb2800


---------------  P R O C E S S  ---------------

Threads class SMR info:
_java_thread_list=0x00000281eba48300, length=17, elements={
0x00000281d135b000, 0x00000281e9fa6800, 0x00000281e9fa7800, 0x00000281e9fd9000,
0x00000281e9fd9800, 0x00000281e9fdb000, 0x00000281e9fde000, 0x00000281e9fdf000,
0x00000281ea94f000, 0x00000281eaa41800, 0x00000281ead66000, 0x00000281ead4f800,
0x00000281eadb1800, 0x00000281eadb2800, 0x00000281eb29a800, 0x00000281eb1a5800,
0x00000281eba5a800
}

Java Threads: ( => current thread )
  0x00000281d135b000 JavaThread "main" [_thread_blocked, id=26004, stack(0x000000b07f500000,0x000000b07f600000)]
  0x00000281e9fa6800 JavaThread "Reference Handler" daemon [_thread_blocked, id=6080, stack(0x000000b07fc00000,0x000000b07fd00000)]
  0x00000281e9fa7800 JavaThread "Finalizer" daemon [_thread_blocked, id=5388, stack(0x000000b07fd00000,0x000000b07fe00000)]
  0x00000281e9fd9000 JavaThread "Signal Dispatcher" daemon [_thread_blocked, id=25592, stack(0x000000b07fe00000,0x000000b07ff00000)]
  0x00000281e9fd9800 JavaThread "Attach Listener" daemon [_thread_blocked, id=3352, stack(0x000000b07ff00000,0x000000b080000000)]
  0x00000281e9fdb000 JavaThread "Service Thread" daemon [_thread_blocked, id=8384, stack(0x000000b000000000,0x000000b000100000)]
  0x00000281e9fde000 JavaThread "C2 CompilerThread0" daemon [_thread_blocked, id=23328, stack(0x000000b000100000,0x000000b000200000)]
  0x00000281e9fdf000 JavaThread "C1 CompilerThread0" daemon [_thread_blocked, id=19584, stack(0x000000b000200000,0x000000b000300000)]
  0x00000281ea94f000 JavaThread "Sweeper thread" daemon [_thread_blocked, id=8140, stack(0x000000b000300000,0x000000b000400000)]
  0x00000281eaa41800 JavaThread "Common-Cleaner" daemon [_thread_blocked, id=8240, stack(0x000000b000500000,0x000000b000600000)]
  0x00000281ead66000 JavaThread "RMI TCP Accept-15537" daemon [_thread_in_native, id=1396, stack(0x000000b000600000,0x000000b000700000)]
  0x00000281ead4f800 JavaThread "RMI TCP Accept-0" daemon [_thread_in_native, id=21572, stack(0x000000b000700000,0x000000b000800000)]
  0x00000281eadb1800 JavaThread "RMI Reaper" [_thread_blocked, id=2076, stack(0x000000b000800000,0x000000b000900000)]
  0x00000281eadb2800 JavaThread "RMI GC Daemon" daemon [_thread_blocked, id=20860, stack(0x000000b000900000,0x000000b000a00000)]
  0x00000281eb29a800 JavaThread "RMI TCP Connection(1)-127.0.0.1" daemon [_thread_in_native, id=21692, stack(0x000000b000a00000,0x000000b000b00000)]
  0x00000281eb1a5800 JavaThread "RMI Scheduler(0)" daemon [_thread_blocked, id=18204, stack(0x000000b000c00000,0x000000b000d00000)]
  0x00000281eba5a800 JavaThread "RMI TCP Connection(5)-127.0.0.1" daemon [_thread_in_native, id=3460, stack(0x000000b000b00000,0x000000b000c00000)]

Other Threads:
=>0x00000281e9f82800 VMThread "VM Thread" [stack: 0x000000b07fb00000,0x000000b07fc00000] [id=19516]
  0x00000281eaa3d000 WatcherThread [stack: 0x000000b000400000,0x000000b000500000] [id=25332]
  0x00000281d1373800 GCTaskThread "GC Thread#0" [stack: 0x000000b07f600000,0x000000b07f700000] [id=18888]
  0x00000281eb1cc800 GCTaskThread "GC Thread#1" [stack: 0x000000b000d00000,0x000000b000e00000] [id=26100]
  0x00000281eb1cd000 GCTaskThread "GC Thread#2" [stack: 0x000000b000e00000,0x000000b000f00000] [id=10604]
  0x00000281eb19d000 GCTaskThread "GC Thread#3" [stack: 0x000000b000f00000,0x000000b001000000] [id=23164]
  0x00000281d1389000 ConcurrentGCThread "G1 Main Marker" [stack: 0x000000b07f700000,0x000000b07f800000] [id=3932]
  0x00000281d138a800 ConcurrentGCThread "G1 Conc#0" [stack: 0x000000b07f800000,0x000000b07f900000] [id=14376]
  0x00000281d141d000 ConcurrentGCThread "G1 Refine#0" [stack: 0x000000b07f900000,0x000000b07fa00000] [id=6888]
  0x00000281d141e000 ConcurrentGCThread "G1 Young RemSet Sampling" [stack: 0x000000b07fa00000,0x000000b07fb00000] [id=19520]

Threads with active compile tasks:

VM state:at safepoint (normal execution)

VM Mutex/Monitor currently owned by a thread:  ([mutex/lock_event])
[0x00000281d1357fe0] Threads_lock - owner thread: 0x00000281e9f82800
[0x00000281d13587c0] Heap_lock - owner thread: 0x00000281eadb2800

Heap address: 0x00000000d1200000, size: 750 MB, Compressed Oops mode: 32-bit
Narrow klass base: 0x0000000000000000, Narrow klass shift: 3
Compressed class space size: 1073741824 Address: 0x0000000100000000

Heap:
 garbage-first heap   total 131072K, used 8322K [0x00000000d1200000, 0x0000000100000000)
  region size 1024K, 6 young (6144K), 0 survivors (0K)
 Metaspace       used 15424K, capacity 15782K, committed 16640K, reserved 1064960K
  class space    used 1419K, capacity 1534K, committed 1792K, reserved 1048576K
Heap Regions: E=young(eden), S=young(survivor), O=old, HS=humongous(starts), HC=humongous(continues), CS=collection set, F=free, A=archive, TAMS=top-at-mark-start (previous, next)
|   0|0x00000000d1200000, 0x00000000d12c28f0, 0x00000000d1300000| 75%| O|  |TAMS 0x00000000d1200000, 0x00000000d1200000| Untracked 
|   1|0x00000000d1300000, 0x00000000d13fe4e8, 0x00000000d1400000| 99%| O|  |TAMS 0x00000000d1300000, 0x00000000d1300000| Untracked 
|   2|0x00000000d1400000, 0x00000000d14fffd0, 0x00000000d1500000| 99%| O|  |TAMS 0x00000000d1400000, 0x00000000d1400000| Untracked 
|   3|0x00000000d1500000, 0x00000000d155fe18, 0x00000000d1600000| 37%| O|  |TAMS 0x00000000d1500000, 0x00000000d1500000| Untracked 
|   4|0x00000000d1600000, 0x00000000d1600000, 0x00000000d1700000|  0%| F|  |TAMS 0x00000000d1600000, 0x00000000d1600000| Untracked 
|   5|0x00000000d1700000, 0x00000000d1700000, 0x00000000d1800000|  0%| F|  |TAMS 0x00000000d1700000, 0x00000000d1700000| Untracked 
|   6|0x00000000d1800000, 0x00000000d1800000, 0x00000000d1900000|  0%| F|  |TAMS 0x00000000d1800000, 0x00000000d1800000| Untracked 
|   7|0x00000000d1900000, 0x00000000d1900000, 0x00000000d1a00000|  0%| F|  |TAMS 0x00000000d1900000, 0x00000000d1900000| Untracked 
|   8|0x00000000d1a00000, 0x00000000d1a00000, 0x00000000d1b00000|  0%| F|  |TAMS 0x00000000d1a00000, 0x00000000d1a00000| Untracked 
|   9|0x00000000d1b00000, 0x00000000d1b00000, 0x00000000d1c00000|  0%| F|  |TAMS 0x00000000d1b00000, 0x00000000d1b00000| Untracked 
|  10|0x00000000d1c00000, 0x00000000d1c00000, 0x00000000d1d00000|  0%| F|  |TAMS 0x00000000d1c00000, 0x00000000d1c00000| Untracked 
|  11|0x00000000d1d00000, 0x00000000d1d00000, 0x00000000d1e00000|  0%| F|  |TAMS 0x00000000d1d00000, 0x00000000d1d00000| Untracked 
|  12|0x00000000d1e00000, 0x00000000d1e00000, 0x00000000d1f00000|  0%| F|  |TAMS 0x00000000d1e00000, 0x00000000d1e00000| Untracked 
|  13|0x00000000d1f00000, 0x00000000d1f00000, 0x00000000d2000000|  0%| F|  |TAMS 0x00000000d1f00000, 0x00000000d1f00000| Untracked 
|  14|0x00000000d2000000, 0x00000000d2000000, 0x00000000d2100000|  0%| F|  |TAMS 0x00000000d2000000, 0x00000000d2000000| Untracked 
|  15|0x00000000d2100000, 0x00000000d2100000, 0x00000000d2200000|  0%| F|  |TAMS 0x00000000d2100000, 0x00000000d2100000| Untracked 
|  16|0x00000000d2200000, 0x00000000d2200000, 0x00000000d2300000|  0%| F|  |TAMS 0x00000000d2200000, 0x00000000d2200000| Untracked 
|  17|0x00000000d2300000, 0x00000000d2300000, 0x00000000d2400000|  0%| F|  |TAMS 0x00000000d2300000, 0x00000000d2300000| Untracked 
|  18|0x00000000d2400000, 0x00000000d2400000, 0x00000000d2500000|  0%| F|  |TAMS 0x00000000d2400000, 0x00000000d2400000| Untracked 
|  19|0x00000000d2500000, 0x00000000d2500000, 0x00000000d2600000|  0%| F|  |TAMS 0x00000000d2500000, 0x00000000d2500000| Untracked 
|  20|0x00000000d2600000, 0x00000000d2600000, 0x00000000d2700000|  0%| F|  |TAMS 0x00000000d2600000, 0x00000000d2600000| Untracked 
|  21|0x00000000d2700000, 0x00000000d2700000, 0x00000000d2800000|  0%| F|  |TAMS 0x00000000d2700000, 0x00000000d2700000| Untracked 
|  22|0x00000000d2800000, 0x00000000d2800000, 0x00000000d2900000|  0%| F|  |TAMS 0x00000000d2800000, 0x00000000d2800000| Untracked 
|  23|0x00000000d2900000, 0x00000000d2900000, 0x00000000d2a00000|  0%| F|  |TAMS 0x00000000d2900000, 0x00000000d2900000| Untracked 
|  24|0x00000000d2a00000, 0x00000000d2a00000, 0x00000000d2b00000|  0%| F|  |TAMS 0x00000000d2a00000, 0x00000000d2a00000| Untracked 
|  25|0x00000000d2b00000, 0x00000000d2b00000, 0x00000000d2c00000|  0%| F|  |TAMS 0x00000000d2b00000, 0x00000000d2b00000| Untracked 
|  26|0x00000000d2c00000, 0x00000000d2c00000, 0x00000000d2d00000|  0%| F|  |TAMS 0x00000000d2c00000, 0x00000000d2c00000| Untracked 
|  27|0x00000000d2d00000, 0x00000000d2d00000, 0x00000000d2e00000|  0%| F|  |TAMS 0x00000000d2d00000, 0x00000000d2d00000| Untracked 
|  28|0x00000000d2e00000, 0x00000000d2e00000, 0x00000000d2f00000|  0%| F|  |TAMS 0x00000000d2e00000, 0x00000000d2e00000| Untracked 
|  29|0x00000000d2f00000, 0x00000000d2f00000, 0x00000000d3000000|  0%| F|  |TAMS 0x00000000d2f00000, 0x00000000d2f00000| Untracked 
|  30|0x00000000d3000000, 0x00000000d3000000, 0x00000000d3100000|  0%| F|  |TAMS 0x00000000d3000000, 0x00000000d3000000| Untracked 
|  31|0x00000000d3100000, 0x00000000d3100000, 0x00000000d3200000|  0%| F|  |TAMS 0x00000000d3100000, 0x00000000d3100000| Untracked 
|  32|0x00000000d3200000, 0x00000000d3200000, 0x00000000d3300000|  0%| F|  |TAMS 0x00000000d3200000, 0x00000000d3200000| Untracked 
|  33|0x00000000d3300000, 0x00000000d3300000, 0x00000000d3400000|  0%| F|  |TAMS 0x00000000d3300000, 0x00000000d3300000| Untracked 
|  34|0x00000000d3400000, 0x00000000d3400000, 0x00000000d3500000|  0%| F|  |TAMS 0x00000000d3400000, 0x00000000d3400000| Untracked 
|  35|0x00000000d3500000, 0x00000000d3500000, 0x00000000d3600000|  0%| F|  |TAMS 0x00000000d3500000, 0x00000000d3500000| Untracked 
|  36|0x00000000d3600000, 0x00000000d3600000, 0x00000000d3700000|  0%| F|  |TAMS 0x00000000d3600000, 0x00000000d3600000| Untracked 
|  37|0x00000000d3700000, 0x00000000d3700000, 0x00000000d3800000|  0%| F|  |TAMS 0x00000000d3700000, 0x00000000d3700000| Untracked 
|  38|0x00000000d3800000, 0x00000000d3800000, 0x00000000d3900000|  0%| F|  |TAMS 0x00000000d3800000, 0x00000000d3800000| Untracked 
|  39|0x00000000d3900000, 0x00000000d3900000, 0x00000000d3a00000|  0%| F|  |TAMS 0x00000000d3900000, 0x00000000d3900000| Untracked 
|  40|0x00000000d3a00000, 0x00000000d3a00000, 0x00000000d3b00000|  0%| F|  |TAMS 0x00000000d3a00000, 0x00000000d3a00000| Untracked 
|  41|0x00000000d3b00000, 0x00000000d3b00000, 0x00000000d3c00000|  0%| F|  |TAMS 0x00000000d3b00000, 0x00000000d3b00000| Untracked 
|  42|0x00000000d3c00000, 0x00000000d3c00000, 0x00000000d3d00000|  0%| F|  |TAMS 0x00000000d3c00000, 0x00000000d3c00000| Untracked 
|  43|0x00000000d3d00000, 0x00000000d3d00000, 0x00000000d3e00000|  0%| F|  |TAMS 0x00000000d3d00000, 0x00000000d3d00000| Untracked 
|  44|0x00000000d3e00000, 0x00000000d3e00000, 0x00000000d3f00000|  0%| F|  |TAMS 0x00000000d3e00000, 0x00000000d3e00000| Untracked 
|  45|0x00000000d3f00000, 0x00000000d3f00000, 0x00000000d4000000|  0%| F|  |TAMS 0x00000000d3f00000, 0x00000000d3f00000| Untracked 
|  46|0x00000000d4000000, 0x00000000d4000000, 0x00000000d4100000|  0%| F|  |TAMS 0x00000000d4000000, 0x00000000d4000000| Untracked 
|  47|0x00000000d4100000, 0x00000000d4100000, 0x00000000d4200000|  0%| F|  |TAMS 0x00000000d4100000, 0x00000000d4100000| Untracked 
|  48|0x00000000d4200000, 0x00000000d4200000, 0x00000000d4300000|  0%| F|  |TAMS 0x00000000d4200000, 0x00000000d4200000| Untracked 
|  49|0x00000000d4300000, 0x00000000d4300000, 0x00000000d4400000|  0%| F|  |TAMS 0x00000000d4300000, 0x00000000d4300000| Untracked 
|  50|0x00000000d4400000, 0x00000000d4400000, 0x00000000d4500000|  0%| F|  |TAMS 0x00000000d4400000, 0x00000000d4400000| Untracked 
|  51|0x00000000d4500000, 0x00000000d4500000, 0x00000000d4600000|  0%| F|  |TAMS 0x00000000d4500000, 0x00000000d4500000| Untracked 
|  52|0x00000000d4600000, 0x00000000d4600000, 0x00000000d4700000|  0%| F|  |TAMS 0x00000000d4600000, 0x00000000d4600000| Untracked 
|  53|0x00000000d4700000, 0x00000000d4700000, 0x00000000d4800000|  0%| F|  |TAMS 0x00000000d4700000, 0x00000000d4700000| Untracked 
|  54|0x00000000d4800000, 0x00000000d4800000, 0x00000000d4900000|  0%| F|  |TAMS 0x00000000d4800000, 0x00000000d4800000| Untracked 
|  55|0x00000000d4900000, 0x00000000d4900000, 0x00000000d4a00000|  0%| F|  |TAMS 0x00000000d4900000, 0x00000000d4900000| Untracked 
|  56|0x00000000d4a00000, 0x00000000d4a00000, 0x00000000d4b00000|  0%| F|  |TAMS 0x00000000d4a00000, 0x00000000d4a00000| Untracked 
|  57|0x00000000d4b00000, 0x00000000d4b00000, 0x00000000d4c00000|  0%| F|  |TAMS 0x00000000d4b00000, 0x00000000d4b00000| Untracked 
|  58|0x00000000d4c00000, 0x00000000d4c00000, 0x00000000d4d00000|  0%| F|  |TAMS 0x00000000d4c00000, 0x00000000d4c00000| Untracked 
|  59|0x00000000d4d00000, 0x00000000d4d00000, 0x00000000d4e00000|  0%| F|  |TAMS 0x00000000d4d00000, 0x00000000d4d00000| Untracked 
|  60|0x00000000d4e00000, 0x00000000d4e00000, 0x00000000d4f00000|  0%| F|  |TAMS 0x00000000d4e00000, 0x00000000d4e00000| Untracked 
|  61|0x00000000d4f00000, 0x00000000d4f00000, 0x00000000d5000000|  0%| F|  |TAMS 0x00000000d4f00000, 0x00000000d4f00000| Untracked 
|  62|0x00000000d5000000, 0x00000000d5000000, 0x00000000d5100000|  0%| F|  |TAMS 0x00000000d5000000, 0x00000000d5000000| Untracked 
|  63|0x00000000d5100000, 0x00000000d5100000, 0x00000000d5200000|  0%| F|  |TAMS 0x00000000d5100000, 0x00000000d5100000| Untracked 
|  64|0x00000000d5200000, 0x00000000d5200000, 0x00000000d5300000|  0%| F|  |TAMS 0x00000000d5200000, 0x00000000d5200000| Untracked 
|  65|0x00000000d5300000, 0x00000000d5300000, 0x00000000d5400000|  0%| F|  |TAMS 0x00000000d5300000, 0x00000000d5300000| Untracked 
|  66|0x00000000d5400000, 0x00000000d5400000, 0x00000000d5500000|  0%| F|  |TAMS 0x00000000d5400000, 0x00000000d5400000| Untracked 
|  67|0x00000000d5500000, 0x00000000d5500000, 0x00000000d5600000|  0%| F|  |TAMS 0x00000000d5500000, 0x00000000d5500000| Untracked 
|  68|0x00000000d5600000, 0x00000000d5600000, 0x00000000d5700000|  0%| F|  |TAMS 0x00000000d5600000, 0x00000000d5600000| Untracked 
|  69|0x00000000d5700000, 0x00000000d5700000, 0x00000000d5800000|  0%| F|  |TAMS 0x00000000d5700000, 0x00000000d5700000| Untracked 
|  70|0x00000000d5800000, 0x00000000d5800000, 0x00000000d5900000|  0%| F|  |TAMS 0x00000000d5800000, 0x00000000d5800000| Untracked 
|  71|0x00000000d5900000, 0x00000000d5900000, 0x00000000d5a00000|  0%| F|  |TAMS 0x00000000d5900000, 0x00000000d5900000| Untracked 
|  72|0x00000000d5a00000, 0x00000000d5a00000, 0x00000000d5b00000|  0%| F|  |TAMS 0x00000000d5a00000, 0x00000000d5a00000| Untracked 
|  73|0x00000000d5b00000, 0x00000000d5b00000, 0x00000000d5c00000|  0%| F|  |TAMS 0x00000000d5b00000, 0x00000000d5b00000| Untracked 
|  74|0x00000000d5c00000, 0x00000000d5c00000, 0x00000000d5d00000|  0%| F|  |TAMS 0x00000000d5c00000, 0x00000000d5c00000| Untracked 
|  75|0x00000000d5d00000, 0x00000000d5d00000, 0x00000000d5e00000|  0%| F|  |TAMS 0x00000000d5d00000, 0x00000000d5d00000| Untracked 
|  76|0x00000000d5e00000, 0x00000000d5e00000, 0x00000000d5f00000|  0%| F|  |TAMS 0x00000000d5e00000, 0x00000000d5e00000| Untracked 
|  77|0x00000000d5f00000, 0x00000000d5f00000, 0x00000000d6000000|  0%| F|  |TAMS 0x00000000d5f00000, 0x00000000d5f00000| Untracked 
|  78|0x00000000d6000000, 0x00000000d6000000, 0x00000000d6100000|  0%| F|  |TAMS 0x00000000d6000000, 0x00000000d6000000| Untracked 
|  79|0x00000000d6100000, 0x00000000d6100000, 0x00000000d6200000|  0%| F|  |TAMS 0x00000000d6100000, 0x00000000d6100000| Untracked 
|  80|0x00000000d6200000, 0x00000000d6200000, 0x00000000d6300000|  0%| F|  |TAMS 0x00000000d6200000, 0x00000000d6200000| Untracked 
|  81|0x00000000d6300000, 0x00000000d6300000, 0x00000000d6400000|  0%| F|  |TAMS 0x00000000d6300000, 0x00000000d6300000| Untracked 
|  82|0x00000000d6400000, 0x00000000d6400000, 0x00000000d6500000|  0%| F|  |TAMS 0x00000000d6400000, 0x00000000d6400000| Untracked 
|  83|0x00000000d6500000, 0x00000000d6500000, 0x00000000d6600000|  0%| F|  |TAMS 0x00000000d6500000, 0x00000000d6500000| Untracked 
|  84|0x00000000d6600000, 0x00000000d6600000, 0x00000000d6700000|  0%| F|  |TAMS 0x00000000d6600000, 0x00000000d6600000| Untracked 
|  85|0x00000000d6700000, 0x00000000d6700000, 0x00000000d6800000|  0%| F|  |TAMS 0x00000000d6700000, 0x00000000d6700000| Untracked 
|  86|0x00000000d6800000, 0x00000000d6800000, 0x00000000d6900000|  0%| F|  |TAMS 0x00000000d6800000, 0x00000000d6800000| Untracked 
|  87|0x00000000d6900000, 0x00000000d6900000, 0x00000000d6a00000|  0%| F|  |TAMS 0x00000000d6900000, 0x00000000d6900000| Untracked 
|  88|0x00000000d6a00000, 0x00000000d6a00000, 0x00000000d6b00000|  0%| F|  |TAMS 0x00000000d6a00000, 0x00000000d6a00000| Untracked 
|  89|0x00000000d6b00000, 0x00000000d6b00000, 0x00000000d6c00000|  0%| F|  |TAMS 0x00000000d6b00000, 0x00000000d6b00000| Untracked 
|  90|0x00000000d6c00000, 0x00000000d6c00000, 0x00000000d6d00000|  0%| F|  |TAMS 0x00000000d6c00000, 0x00000000d6c00000| Untracked 
|  91|0x00000000d6d00000, 0x00000000d6d00000, 0x00000000d6e00000|  0%| F|  |TAMS 0x00000000d6d00000, 0x00000000d6d00000| Untracked 
|  92|0x00000000d6e00000, 0x00000000d6e00000, 0x00000000d6f00000|  0%| F|  |TAMS 0x00000000d6e00000, 0x00000000d6e00000| Untracked 
|  93|0x00000000d6f00000, 0x00000000d6f00000, 0x00000000d7000000|  0%| F|  |TAMS 0x00000000d6f00000, 0x00000000d6f00000| Untracked 
|  94|0x00000000d7000000, 0x00000000d7000000, 0x00000000d7100000|  0%| F|  |TAMS 0x00000000d7000000, 0x00000000d7000000| Untracked 
|  95|0x00000000d7100000, 0x00000000d7100000, 0x00000000d7200000|  0%| F|  |TAMS 0x00000000d7100000, 0x00000000d7100000| Untracked 
|  96|0x00000000d7200000, 0x00000000d7200000, 0x00000000d7300000|  0%| F|  |TAMS 0x00000000d7200000, 0x00000000d7200000| Untracked 
|  97|0x00000000d7300000, 0x00000000d7300000, 0x00000000d7400000|  0%| F|  |TAMS 0x00000000d7300000, 0x00000000d7300000| Untracked 
|  98|0x00000000d7400000, 0x00000000d7400000, 0x00000000d7500000|  0%| F|  |TAMS 0x00000000d7400000, 0x00000000d7400000| Untracked 
|  99|0x00000000d7500000, 0x00000000d7500000, 0x00000000d7600000|  0%| F|  |TAMS 0x00000000d7500000, 0x00000000d7500000| Untracked 
| 100|0x00000000d7600000, 0x00000000d7600000, 0x00000000d7700000|  0%| F|  |TAMS 0x00000000d7600000, 0x00000000d7600000| Untracked 
| 101|0x00000000d7700000, 0x00000000d7700000, 0x00000000d7800000|  0%| F|  |TAMS 0x00000000d7700000, 0x00000000d7700000| Untracked 
| 102|0x00000000d7800000, 0x00000000d7800000, 0x00000000d7900000|  0%| F|  |TAMS 0x00000000d7800000, 0x00000000d7800000| Untracked 
| 103|0x00000000d7900000, 0x00000000d7900000, 0x00000000d7a00000|  0%| F|  |TAMS 0x00000000d7900000, 0x00000000d7900000| Untracked 
| 104|0x00000000d7a00000, 0x00000000d7a00000, 0x00000000d7b00000|  0%| F|  |TAMS 0x00000000d7a00000, 0x00000000d7a00000| Untracked 
| 105|0x00000000d7b00000, 0x00000000d7b00000, 0x00000000d7c00000|  0%| F|  |TAMS 0x00000000d7b00000, 0x00000000d7b00000| Untracked 
| 106|0x00000000d7c00000, 0x00000000d7c00000, 0x00000000d7d00000|  0%| F|  |TAMS 0x00000000d7c00000, 0x00000000d7c00000| Untracked 
| 107|0x00000000d7d00000, 0x00000000d7d00000, 0x00000000d7e00000|  0%| F|  |TAMS 0x00000000d7d00000, 0x00000000d7d00000| Untracked 
| 108|0x00000000d7e00000, 0x00000000d7e00000, 0x00000000d7f00000|  0%| F|  |TAMS 0x00000000d7e00000, 0x00000000d7e00000| Untracked 
| 109|0x00000000d7f00000, 0x00000000d7f00000, 0x00000000d8000000|  0%| F|  |TAMS 0x00000000d7f00000, 0x00000000d7f00000| Untracked 
| 110|0x00000000d8000000, 0x00000000d8000000, 0x00000000d8100000|  0%| F|  |TAMS 0x00000000d8000000, 0x00000000d8000000| Untracked 
| 111|0x00000000d8100000, 0x00000000d8100000, 0x00000000d8200000|  0%| F|  |TAMS 0x00000000d8100000, 0x00000000d8100000| Untracked 
| 112|0x00000000d8200000, 0x00000000d8200000, 0x00000000d8300000|  0%| F|  |TAMS 0x00000000d8200000, 0x00000000d8200000| Untracked 
| 113|0x00000000d8300000, 0x00000000d8300000, 0x00000000d8400000|  0%| F|  |TAMS 0x00000000d8300000, 0x00000000d8300000| Untracked 
| 114|0x00000000d8400000, 0x00000000d8400000, 0x00000000d8500000|  0%| F|  |TAMS 0x00000000d8400000, 0x00000000d8400000| Untracked 
| 115|0x00000000d8500000, 0x00000000d8500000, 0x00000000d8600000|  0%| F|  |TAMS 0x00000000d8500000, 0x00000000d8500000| Untracked 
| 116|0x00000000d8600000, 0x00000000d8600000, 0x00000000d8700000|  0%| F|  |TAMS 0x00000000d8600000, 0x00000000d8600000| Untracked 
| 117|0x00000000d8700000, 0x00000000d8700000, 0x00000000d8800000|  0%| F|  |TAMS 0x00000000d8700000, 0x00000000d8700000| Untracked 
| 118|0x00000000d8800000, 0x00000000d8800000, 0x00000000d8900000|  0%| F|  |TAMS 0x00000000d8800000, 0x00000000d8800000| Untracked 
| 119|0x00000000d8900000, 0x00000000d8900000, 0x00000000d8a00000|  0%| F|  |TAMS 0x00000000d8900000, 0x00000000d8900000| Untracked 
| 120|0x00000000d8a00000, 0x00000000d8a00000, 0x00000000d8b00000|  0%| F|  |TAMS 0x00000000d8a00000, 0x00000000d8a00000| Untracked 
| 121|0x00000000d8b00000, 0x00000000d8b00000, 0x00000000d8c00000|  0%| F|  |TAMS 0x00000000d8b00000, 0x00000000d8b00000| Untracked 
| 122|0x00000000d8c00000, 0x00000000d8c80800, 0x00000000d8d00000| 50%| E|  |TAMS 0x00000000d8c00000, 0x00000000d8c00000| Complete 
| 123|0x00000000d8d00000, 0x00000000d8e00000, 0x00000000d8e00000|100%| E|CS|TAMS 0x00000000d8d00000, 0x00000000d8d00000| Complete 
| 124|0x00000000d8e00000, 0x00000000d8f00000, 0x00000000d8f00000|100%| E|CS|TAMS 0x00000000d8e00000, 0x00000000d8e00000| Complete 
| 125|0x00000000d8f00000, 0x00000000d9000000, 0x00000000d9000000|100%| E|CS|TAMS 0x00000000d8f00000, 0x00000000d8f00000| Complete 
| 126|0x00000000d9000000, 0x00000000d9100000, 0x00000000d9100000|100%| E|CS|TAMS 0x00000000d9000000, 0x00000000d9000000| Complete 
| 127|0x00000000d9100000, 0x00000000d9200000, 0x00000000d9200000|100%| E|CS|TAMS 0x00000000d9100000, 0x00000000d9100000| Complete 

Card table byte_map: [0x00000281e5f30000,0x00000281e60b0000] _byte_map_base: 0x00000281e58a7000

Marking Bits (Prev, Next): (CMBitMap*) 0x00000281d1385628, (CMBitMap*) 0x00000281d1385660
 Prev Bits: [0x00000281e6230000, 0x00000281e6de8000)
 Next Bits: [0x00000281e6df0000, 0x00000281e79a8000)

Polling page: 0x00000281d1440000

Metaspace:

Usage:
  Non-class:     13.91 MB capacity,    13.68 MB ( 98%) used,   214.43 KB (  2%) free+waste,    28.94 KB ( <1%) overhead. 
      Class:      1.50 MB capacity,     1.39 MB ( 93%) used,   101.41 KB (  7%) free+waste,    13.06 KB ( <1%) overhead. 
       Both:     15.41 MB capacity,    15.06 MB ( 98%) used,   315.84 KB (  2%) free+waste,    42.00 KB ( <1%) overhead. 

Virtual space:
  Non-class space:       16.00 MB reserved,      14.50 MB ( 91%) committed 
      Class space:        1.00 GB reserved,       1.75 MB ( <1%) committed 
             Both:        1.02 GB reserved,      16.25 MB (  2%) committed 

Chunk freelists:
   Non-Class:  600.00 KB
       Class:  240.00 KB
        Both:  840.00 KB

MaxMetaspaceSize: 17179869184.00 GB
CompressedClassSpaceSize: 1.00 GB
Initial GC threshold: 20.80 MB
Current GC threshold: 27.09 MB
CDS: off

CodeHeap 'non-profiled nmethods': size=120064Kb used=1557Kb max_used=1557Kb free=118506Kb
 bounds [0x00000281de250000, 0x00000281de4c0000, 0x00000281e5790000]
CodeHeap 'profiled nmethods': size=120000Kb used=4703Kb max_used=4703Kb free=115296Kb
 bounds [0x00000281d6d20000, 0x00000281d71c0000, 0x00000281de250000]
CodeHeap 'non-nmethods': size=5696Kb used=1205Kb max_used=1255Kb free=4490Kb
 bounds [0x00000281d6790000, 0x00000281d6a00000, 0x00000281d6d20000]
 total_blobs=2713 nmethods=2236 adapters=390
 compilation: enabled
              stopped_count=0, restarted_count=0
 full_count=0

Compilation events (20 events):
Event: 257643.750 Thread 0x00000281e9fde000 2234       4       java.lang.Class::getComponentType (14 bytes)
Event: 257643.751 Thread 0x00000281e9fde000 nmethod 2234 0x00000281de3cbd90 code [0x00000281de3cbf20, 0x00000281de3cbf98]
Event: 258043.032 Thread 0x00000281e9fde000 2235       4       java.io.ObjectInputStream::readArray (430 bytes)
Event: 258043.065 Thread 0x00000281e9fde000 nmethod 2235 0x00000281de3cc090 code [0x00000281de3cc320, 0x00000281de3cd7a0]
Event: 272665.847 Thread 0x00000281e9fde000 2236   !   4       jdk.internal.reflect.GeneratedSerializationConstructorAccessor6::newInstance (49 bytes)
Event: 272665.874 Thread 0x00000281e9fde000 nmethod 2236 0x00000281de3cec10 code [0x00000281de3cedc0, 0x00000281de3cef08]
Event: 272903.651 Thread 0x00000281e9fdf000 2237       3       sun.rmi.transport.StreamRemoteCall::getResultStream (86 bytes)
Event: 272903.660 Thread 0x00000281e9fdf000 nmethod 2237 0x00000281d71b5b10 code [0x00000281d71b5e60, 0x00000281d71b7568]
Event: 273444.313 Thread 0x00000281e9fde000 2238       4       java.io.ObjectOutputStream::<init> (99 bytes)
Event: 273444.357 Thread 0x00000281e9fde000 nmethod 2238 0x00000281de3cf090 code [0x00000281de3cf300, 0x00000281de3d05a8]
Event: 277895.406 Thread 0x00000281e9fde000 2239       4       java.io.ObjectOutputStream::useProtocolVersion (84 bytes)
Event: 277895.407 Thread 0x00000281e9fde000 nmethod 2239 0x00000281de3d0c10 code [0x00000281de3d0da0, 0x00000281de3d0e58]
Event: 294554.247 Thread 0x00000281e9fde000 2240       4       sun.rmi.transport.StreamRemoteCall::getResultStream (86 bytes)
Event: 294554.334 Thread 0x00000281e9fde000 nmethod 2240 0x00000281de3d0f10 code [0x00000281de3d11a0, 0x00000281de3d2380]
Event: 311674.444 Thread 0x00000281e9fde000 2241   !   4       java.io.ObjectInputStream$BlockDataInputStream::refill (136 bytes)
Event: 311674.453 Thread 0x00000281e9fde000 nmethod 2241 0x00000281de3d3190 code [0x00000281de3d33c0, 0x00000281de3d3ae0]
Event: 315942.716 Thread 0x00000281e9fde000 2242   !   4       java.lang.ref.ReferenceQueue::remove (125 bytes)
Event: 315942.729 Thread 0x00000281e9fde000 nmethod 2242 0x00000281de3d4290 code [0x00000281de3d4460, 0x00000281de3d4f28]
Event: 316182.752 Thread 0x00000281e9fde000 2243   !   4       jdk.internal.ref.PhantomCleanable::isListEmpty (34 bytes)
Event: 316182.755 Thread 0x00000281e9fde000 nmethod 2243 0x00000281de3d5290 code [0x00000281de3d5420, 0x00000281de3d5698]

GC Heap History (20 events):
Event: 363604.323 GC heap before
{Heap before GC invocations=101 (full 100):
 garbage-first heap   total 131072K, used 8322K [0x00000000d1200000, 0x0000000100000000)
  region size 1024K, 6 young (6144K), 0 survivors (0K)
 Metaspace       used 15424K, capacity 15782K, committed 16640K, reserved 1064960K
  class space    used 1419K, capacity 1534K, committed 1792K, reserved 1048576K
}
Event: 363604.337 GC heap after
{Heap after GC invocations=102 (full 101):
 garbage-first heap   total 131072K, used 3202K [0x00000000d1200000, 0x0000000100000000)
  region size 1024K, 0 young (0K), 0 survivors (0K)
 Metaspace       used 15424K, capacity 15782K, committed 16640K, reserved 1064960K
  class space    used 1419K, capacity 1534K, committed 1792K, reserved 1048576K
}
Event: 367204.341 GC heap before
{Heap before GC invocations=102 (full 101):
 garbage-first heap   total 131072K, used 8322K [0x00000000d1200000, 0x0000000100000000)
  region size 1024K, 6 young (6144K), 0 survivors (0K)
 Metaspace       used 15424K, capacity 15782K, committed 16640K, reserved 1064960K
  class space    used 1419K, capacity 1534K, committed 1792K, reserved 1048576K
}
Event: 367204.356 GC heap after
{Heap after GC invocations=103 (full 102):
 garbage-first heap   total 131072K, used 3202K [0x00000000d1200000, 0x0000000100000000)
  region size 1024K, 0 young (0K), 0 survivors (0K)
 Metaspace       used 15424K, capacity 15782K, committed 16640K, reserved 1064960K
  class space    used 1419K, capacity 1534K, committed 1792K, reserved 1048576K
}
Event: 370804.357 GC heap before
{Heap before GC invocations=103 (full 102):
 garbage-first heap   total 131072K, used 8322K [0x00000000d1200000, 0x0000000100000000)
  region size 1024K, 6 young (6144K), 0 survivors (0K)
 Metaspace       used 15424K, capacity 15782K, committed 16640K, reserved 1064960K
  class space    used 1419K, capacity 1534K, committed 1792K, reserved 1048576K
}
Event: 370804.364 GC heap after
{Heap after GC invocations=104 (full 103):
 garbage-first heap   total 131072K, used 3202K [0x00000000d1200000, 0x0000000100000000)
  region size 1024K, 0 young (0K), 0 survivors (0K)
 Metaspace       used 15424K, capacity 15782K, committed 16640K, reserved 1064960K
  class space    used 1419K, capacity 1534K, committed 1792K, reserved 1048576K
}
Event: 374404.364 GC heap before
{Heap before GC invocations=104 (full 103):
 garbage-first heap   total 131072K, used 8322K [0x00000000d1200000, 0x0000000100000000)
  region size 1024K, 6 young (6144K), 0 survivors (0K)
 Metaspace       used 15424K, capacity 15782K, committed 16640K, reserved 1064960K
  class space    used 1419K, capacity 1534K, committed 1792K, reserved 1048576K
}
Event: 374404.378 GC heap after
{Heap after GC invocations=105 (full 104):
 garbage-first heap   total 131072K, used 3202K [0x00000000d1200000, 0x0000000100000000)
  region size 1024K, 0 young (0K), 0 survivors (0K)
 Metaspace       used 15424K, capacity 15782K, committed 16640K, reserved 1064960K
  class space    used 1419K, capacity 1534K, committed 1792K, reserved 1048576K
}
Event: 378004.386 GC heap before
{Heap before GC invocations=105 (full 104):
 garbage-first heap   total 131072K, used 8322K [0x00000000d1200000, 0x0000000100000000)
  region size 1024K, 6 young (6144K), 0 survivors (0K)
 Metaspace       used 15424K, capacity 15782K, committed 16640K, reserved 1064960K
  class space    used 1419K, capacity 1534K, committed 1792K, reserved 1048576K
}
Event: 378004.394 GC heap after
{Heap after GC invocations=106 (full 105):
 garbage-first heap   total 131072K, used 3202K [0x00000000d1200000, 0x0000000100000000)
  region size 1024K, 0 young (0K), 0 survivors (0K)
 Metaspace       used 15424K, capacity 15782K, committed 16640K, reserved 1064960K
  class space    used 1419K, capacity 1534K, committed 1792K, reserved 1048576K
}
Event: 381604.402 GC heap before
{Heap before GC invocations=106 (full 105):
 garbage-first heap   total 131072K, used 8322K [0x00000000d1200000, 0x0000000100000000)
  region size 1024K, 6 young (6144K), 0 survivors (0K)
 Metaspace       used 15424K, capacity 15782K, committed 16640K, reserved 1064960K
  class space    used 1419K, capacity 1534K, committed 1792K, reserved 1048576K
}
Event: 381604.417 GC heap after
{Heap after GC invocations=107 (full 106):
 garbage-first heap   total 131072K, used 3202K [0x00000000d1200000, 0x0000000100000000)
  region size 1024K, 0 young (0K), 0 survivors (0K)
 Metaspace       used 15424K, capacity 15782K, committed 16640K, reserved 1064960K
  class space    used 1419K, capacity 1534K, committed 1792K, reserved 1048576K
}
Event: 385204.431 GC heap before
{Heap before GC invocations=107 (full 106):
 garbage-first heap   total 131072K, used 8322K [0x00000000d1200000, 0x0000000100000000)
  region size 1024K, 6 young (6144K), 0 survivors (0K)
 Metaspace       used 15424K, capacity 15782K, committed 16640K, reserved 1064960K
  class space    used 1419K, capacity 1534K, committed 1792K, reserved 1048576K
}
Event: 385204.446 GC heap after
{Heap after GC invocations=108 (full 107):
 garbage-first heap   total 131072K, used 3202K [0x00000000d1200000, 0x0000000100000000)
  region size 1024K, 0 young (0K), 0 survivors (0K)
 Metaspace       used 15424K, capacity 15782K, committed 16640K, reserved 1064960K
  class space    used 1419K, capacity 1534K, committed 1792K, reserved 1048576K
}
Event: 388804.458 GC heap before
{Heap before GC invocations=108 (full 107):
 garbage-first heap   total 131072K, used 8322K [0x00000000d1200000, 0x0000000100000000)
  region size 1024K, 6 young (6144K), 0 survivors (0K)
 Metaspace       used 15424K, capacity 15782K, committed 16640K, reserved 1064960K
  class space    used 1419K, capacity 1534K, committed 1792K, reserved 1048576K
}
Event: 388804.472 GC heap after
{Heap after GC invocations=109 (full 108):
 garbage-first heap   total 131072K, used 3202K [0x00000000d1200000, 0x0000000100000000)
  region size 1024K, 0 young (0K), 0 survivors (0K)
 Metaspace       used 15424K, capacity 15782K, committed 16640K, reserved 1064960K
  class space    used 1419K, capacity 1534K, committed 1792K, reserved 1048576K
}
Event: 392404.481 GC heap before
{Heap before GC invocations=109 (full 108):
 garbage-first heap   total 131072K, used 8322K [0x00000000d1200000, 0x0000000100000000)
  region size 1024K, 6 young (6144K), 0 survivors (0K)
 Metaspace       used 15424K, capacity 15782K, committed 16640K, reserved 1064960K
  class space    used 1419K, capacity 1534K, committed 1792K, reserved 1048576K
}
Event: 392404.495 GC heap after
{Heap after GC invocations=110 (full 109):
 garbage-first heap   total 131072K, used 3202K [0x00000000d1200000, 0x0000000100000000)
  region size 1024K, 0 young (0K), 0 survivors (0K)
 Metaspace       used 15424K, capacity 15782K, committed 16640K, reserved 1064960K
  class space    used 1419K, capacity 1534K, committed 1792K, reserved 1048576K
}
Event: 396004.502 GC heap before
{Heap before GC invocations=110 (full 109):
 garbage-first heap   total 131072K, used 8322K [0x00000000d1200000, 0x0000000100000000)
  region size 1024K, 6 young (6144K), 0 survivors (0K)
 Metaspace       used 15424K, capacity 15782K, committed 16640K, reserved 1064960K
  class space    used 1419K, capacity 1534K, committed 1792K, reserved 1048576K
}
Event: 396004.516 GC heap after
{Heap after GC invocations=111 (full 110):
 garbage-first heap   total 131072K, used 3202K [0x00000000d1200000, 0x0000000100000000)
  region size 1024K, 0 young (0K), 0 survivors (0K)
 Metaspace       used 15424K, capacity 15782K, committed 16640K, reserved 1064960K
  class space    used 1419K, capacity 1534K, committed 1792K, reserved 1048576K
}

Deoptimization events (20 events):
Event: 251289.356 Thread 0x00000281eba5a000 Uncommon trap: trap_request=0xffffffd6 fr.pc=0x00000281de3ca394 relative=0x0000000000000df4
Event: 251289.356 Thread 0x00000281eba5a000 Uncommon trap: reason=array_check action=maybe_recompile pc=0x00000281de3ca394 method=java.io.ObjectInputStream.readArray(Z)Ljava/lang/Object; @ 392 c2
Event: 251289.356 Thread 0x00000281eba5a000 DEOPT PACKING pc=0x00000281de3ca394 sp=0x000000b0010fb910
Event: 251289.356 Thread 0x00000281eba5a000 DEOPT UNPACKING pc=0x00000281d67da1af sp=0x000000b0010fb8b8 mode 2
Event: 251289.356 Thread 0x00000281eba5a000 Uncommon trap: trap_request=0xffffffde fr.pc=0x00000281de3ca0f4 relative=0x0000000000000b54
Event: 251289.356 Thread 0x00000281eba5a000 Uncommon trap: reason=class_check action=maybe_recompile pc=0x00000281de3ca0f4 method=java.lang.reflect.Array.newInstance(Ljava/lang/Class;I)Ljava/lang/Object; @ 2 c2
Event: 251289.356 Thread 0x00000281eba5a000 DEOPT PACKING pc=0x00000281de3ca0f4 sp=0x000000b0010fb5f0
Event: 251289.356 Thread 0x00000281eba5a000 DEOPT UNPACKING pc=0x00000281d67da1af sp=0x000000b0010fb538 mode 2
Event: 251589.358 Thread 0x00000281eba5a000 Uncommon trap: trap_request=0xffffffde fr.pc=0x00000281de3ca0f4 relative=0x0000000000000b54
Event: 251589.358 Thread 0x00000281eba5a000 Uncommon trap: reason=class_check action=maybe_recompile pc=0x00000281de3ca0f4 method=java.lang.reflect.Array.newInstance(Ljava/lang/Class;I)Ljava/lang/Object; @ 2 c2
Event: 251589.358 Thread 0x00000281eba5a000 DEOPT PACKING pc=0x00000281de3ca0f4 sp=0x000000b0010fb5f0
Event: 251589.358 Thread 0x00000281eba5a000 DEOPT UNPACKING pc=0x00000281d67da1af sp=0x000000b0010fb538 mode 2
Event: 272344.961 Thread 0x00000281eb29a800 Uncommon trap: trap_request=0xffffff4d fr.pc=0x00000281de364d10 relative=0x0000000000002070
Event: 272344.961 Thread 0x00000281eb29a800 Uncommon trap: reason=unstable_if action=reinterpret pc=0x00000281de364d10 method=java.rmi.server.UID.<init>()V @ 46 c2
Event: 272344.988 Thread 0x00000281eb29a800 DEOPT PACKING pc=0x00000281de364d10 sp=0x000000b000afbed0
Event: 272344.988 Thread 0x00000281eb29a800 DEOPT UNPACKING pc=0x00000281d67da1af sp=0x000000b000afbd50 mode 2
Event: 385779.621 Thread 0x00000281eba5a000 Uncommon trap: trap_request=0xffffff4d fr.pc=0x00000281de3c4064 relative=0x0000000000000924
Event: 385779.621 Thread 0x00000281eba5a000 Uncommon trap: reason=unstable_if action=reinterpret pc=0x00000281de3c4064 method=sun.rmi.transport.tcp.TCPTransport.handleMessages(Lsun/rmi/transport/Connection;Z)V @ 33 c2
Event: 385779.621 Thread 0x00000281eba5a000 DEOPT PACKING pc=0x00000281de3c4064 sp=0x000000b0010fd520
Event: 385779.621 Thread 0x00000281eba5a000 DEOPT UNPACKING pc=0x00000281d67da1af sp=0x000000b0010fd500 mode 2

Classes redefined (0 events):
No events

Internal exceptions (20 events):
Event: 1.778 Thread 0x00000281d135b000 Exception <a 'java/lang/NoSuchMethodError'{0x00000000d88fe430}: 'java.lang.Object java.lang.invoke.DelegatingMethodHandle$Holder.reinvoke_L(java.lang.Object, java.lang.Object, long)'> (0x00000000d88fe430) thrown at [./src/hotspot/share/interpreter/linkResolver.cpp, line 773]
Event: 1.778 Thread 0x00000281d135b000 Exception <a 'java/lang/NoSuchMethodError'{0x00000000d8701ad0}: 'java.lang.Object java.lang.invoke.Invokers$Holder.linkToTargetMethod(java.lang.Object, long, java.lang.Object)'> (0x00000000d8701ad0) thrown at [./src/hotspot/share/interpreter/linkResolver.cpp, line 773]
Event: 1.796 Thread 0x00000281eb29a800 Exception <a 'java/lang/NoSuchMethodError'{0x00000000d879aba8}: 'java.lang.Object java.lang.invoke.DelegatingMethodHandle$Holder.reinvoke_L(java.lang.Object, int, java.lang.Object)'> (0x00000000d879aba8) thrown at [./src/hotspot/share/interpreter/linkResolver.cpp, line 773]
Event: 1.898 Thread 0x00000281eb1a5000 Exception <a 'java/lang/NoSuchMethodError'{0x00000000d866f400}: <clinit>> (0x00000000d866f400) thrown at [./src/hotspot/share/prims/jni.cpp, line 1366]
Event: 1.994 Thread 0x00000281eb1a5000 Exception <a 'java/lang/NoSuchMethodError'{0x00000000d84993d8}: 'int java.lang.invoke.DirectMethodHandle$Holder.invokeSpecialIFC(java.lang.Object, java.lang.Object, int)'> (0x00000000d84993d8) thrown at [./src/hotspot/share/interpreter/linkResolver.cpp, line 773]
Event: 2.045 Thread 0x00000281eb1a5000 Exception <a 'java/lang/NoClassDefFoundError'{0x00000000d9177438}: com/sun/jna/Platform> (0x00000000d9177438) thrown at [./src/hotspot/share/classfile/systemDictionary.cpp, line 220]
Event: 2.100 Thread 0x00000281eb1a5000 Exception <a 'java/lang/NoSuchMethodError'{0x00000000d8f0d488}: 'java.lang.Object java.lang.invoke.DirectMethodHandle$Holder.invokeStaticInit(java.lang.Object, java.lang.Object, long, java.lang.Object)'> (0x00000000d8f0d488) thrown at [./src/hotspot/share/interpreter/linkResolver.cpp, line 773]
Event: 2.101 Thread 0x00000281eb1a5000 Exception <a 'java/lang/NoSuchMethodError'{0x00000000d8f13460}: 'java.lang.Object java.lang.invoke.DirectMethodHandle$Holder.invokeStatic(java.lang.Object, java.lang.Object, long)'> (0x00000000d8f13460) thrown at [./src/hotspot/share/interpreter/linkResolver.cpp, line 773]
Event: 2.161 Thread 0x00000281eb1a5000 Implicit null exception at 0x00000281de27a877 to 0x00000281de27ad40
Event: 2.889 Thread 0x00000281eb1a5000 Exception <a 'java/lang/NoSuchMethodError'{0x00000000d889e988}: <clinit>> (0x00000000d889e988) thrown at [./src/hotspot/share/prims/jni.cpp, line 1366]
Event: 2.903 Thread 0x00000281eb1a5000 Exception <a 'java/lang/NoSuchMethodError'{0x00000000d88ab390}: <clinit>> (0x00000000d88ab390) thrown at [./src/hotspot/share/prims/jni.cpp, line 1366]
Event: 3.101 Thread 0x00000281eb1a5000 Exception <a 'java/lang/NoSuchMethodError'{0x00000000d87c18f8}: <clinit>> (0x00000000d87c18f8) thrown at [./src/hotspot/share/prims/jni.cpp, line 1366]
Event: 3.102 Thread 0x00000281eb1a5000 Exception <a 'java/lang/NoSuchMethodError'{0x00000000d87cca28}: <clinit>> (0x00000000d87cca28) thrown at [./src/hotspot/share/prims/jni.cpp, line 1366]
Event: 3.103 Thread 0x00000281eb1a5000 Exception <a 'java/lang/NoSuchMethodError'{0x00000000d87d7830}: <clinit>> (0x00000000d87d7830) thrown at [./src/hotspot/share/prims/jni.cpp, line 1366]
Event: 3.173 Thread 0x00000281eb1a5000 Exception <a 'java/lang/NoSuchMethodError'{0x00000000d863d8c0}: <clinit>> (0x00000000d863d8c0) thrown at [./src/hotspot/share/prims/jni.cpp, line 1366]
Event: 3.386 Thread 0x00000281eb1a5000 Exception <a 'java/lang/NoSuchMethodError'{0x00000000d859ebf8}: <clinit>> (0x00000000d859ebf8) thrown at [./src/hotspot/share/prims/jni.cpp, line 1366]
Event: 4.554 Thread 0x00000281eb1a5000 Exception <a 'java/lang/NoSuchMethodError'{0x00000000d7439bb8}: <clinit>> (0x00000000d7439bb8) thrown at [./src/hotspot/share/prims/jni.cpp, line 1366]
Event: 4.555 Thread 0x00000281eb1a5000 Exception <a 'java/lang/NoSuchMethodError'{0x00000000d743b0a0}: <clinit>> (0x00000000d743b0a0) thrown at [./src/hotspot/share/prims/jni.cpp, line 1366]
Event: 4.556 Thread 0x00000281eb1a5000 Exception <a 'java/lang/NoSuchMethodError'{0x00000000d74488b0}: <clinit>> (0x00000000d74488b0) thrown at [./src/hotspot/share/prims/jni.cpp, line 1366]
Event: 7.072 Thread 0x00000281eb1a5000 Implicit null exception at 0x00000281de2f5d38 to 0x00000281de2f702c

Events (20 events):
Event: 370804.364 Executing VM operation: G1CollectFull done
Event: 374404.364 Executing VM operation: G1CollectFull
Event: 374404.379 Executing VM operation: G1CollectFull done
Event: 378004.386 Executing VM operation: G1CollectFull
Event: 378004.394 Executing VM operation: G1CollectFull done
Event: 381604.402 Executing VM operation: G1CollectFull
Event: 381604.417 Executing VM operation: G1CollectFull done
Event: 385204.431 Executing VM operation: G1CollectFull
Event: 385204.446 Executing VM operation: G1CollectFull done
Event: 385757.764 Thread 0x00000281eba5a800 Thread added: 0x00000281eba5a800
Event: 385757.765 Executing VM operation: RevokeBias
Event: 385757.766 Executing VM operation: RevokeBias done
Event: 385839.627 Thread 0x00000281eba5a000 Thread exited: 0x00000281eba5a000
Event: 388804.457 Executing VM operation: G1CollectFull
Event: 388804.472 Executing VM operation: G1CollectFull done
Event: 392404.480 Executing VM operation: G1CollectFull
Event: 392404.495 Executing VM operation: G1CollectFull done
Event: 396004.502 Executing VM operation: G1CollectFull
Event: 396004.516 Executing VM operation: G1CollectFull done
Event: 399604.526 Executing VM operation: G1CollectFull


Dynamic libraries:
0x00007ff629f20000 - 0x00007ff629f2a000 	C:\Program Files\JetBrains\IntelliJ IDEA 2021.3.2\jbr\bin\java.exe
0x00007ffa32c90000 - 0x00007ffa32e85000 	C:\WINDOWS\SYSTEM32\ntdll.dll
0x00007ffa327c0000 - 0x00007ffa3287e000 	C:\WINDOWS\System32\KERNEL32.DLL
0x00007ffa30860000 - 0x00007ffa30b28000 	C:\WINDOWS\System32\KERNELBASE.dll
0x00007ffa30600000 - 0x00007ffa30700000 	C:\WINDOWS\System32\ucrtbase.dll
0x00007ffa19ad0000 - 0x00007ffa19ae7000 	C:\Program Files\JetBrains\IntelliJ IDEA 2021.3.2\jbr\bin\VCRUNTIME140.dll
0x00007ffa19ab0000 - 0x00007ffa19ac9000 	C:\Program Files\JetBrains\IntelliJ IDEA 2021.3.2\jbr\bin\jli.dll
0x00007ffa32620000 - 0x00007ffa327c0000 	C:\WINDOWS\System32\USER32.dll
0x00007ffa30bd0000 - 0x00007ffa30bf2000 	C:\WINDOWS\System32\win32u.dll
0x00007ffa320f0000 - 0x00007ffa3211b000 	C:\WINDOWS\System32\GDI32.dll
0x00007ffa30440000 - 0x00007ffa3054b000 	C:\WINDOWS\System32\gdi32full.dll
0x00007ffa30b30000 - 0x00007ffa30bcd000 	C:\WINDOWS\System32\msvcp_win.dll
0x00007ffa210c0000 - 0x00007ffa2135a000 	C:\WINDOWS\WinSxS\amd64_microsoft.windows.common-controls_6595b64144ccf1df_6.0.19041.1110_none_60b5254171f9507e\COMCTL32.dll
0x00007ffa32a40000 - 0x00007ffa32ade000 	C:\WINDOWS\System32\msvcrt.dll
0x00007ffa32c10000 - 0x00007ffa32c40000 	C:\WINDOWS\System32\IMM32.DLL
0x00007ffa19910000 - 0x00007ffa199ad000 	C:\Program Files\JetBrains\IntelliJ IDEA 2021.3.2\jbr\bin\msvcp140.dll
0x00007ff9ea930000 - 0x00007ff9eb4a6000 	C:\Program Files\JetBrains\IntelliJ IDEA 2021.3.2\jbr\bin\server\jvm.dll
0x00007ffa31260000 - 0x00007ffa3130e000 	C:\WINDOWS\System32\ADVAPI32.dll
0x00007ffa311c0000 - 0x00007ffa3125c000 	C:\WINDOWS\System32\sechost.dll
0x00007ffa31f40000 - 0x00007ffa32065000 	C:\WINDOWS\System32\RPCRT4.dll
0x00007ffa32c40000 - 0x00007ffa32c48000 	C:\WINDOWS\System32\PSAPI.DLL
0x00007ffa1fd70000 - 0x00007ffa1fd79000 	C:\WINDOWS\SYSTEM32\WSOCK32.dll
0x00007ffa322d0000 - 0x00007ffa3233b000 	C:\WINDOWS\System32\WS2_32.dll
0x00007ffa28120000 - 0x00007ffa28147000 	C:\WINDOWS\SYSTEM32\WINMM.dll
0x00007ffa29250000 - 0x00007ffa2925a000 	C:\WINDOWS\SYSTEM32\VERSION.dll
0x00007ffa2e2e0000 - 0x00007ffa2e2f2000 	C:\WINDOWS\SYSTEM32\kernel.appcore.dll
0x00007ffa2c020000 - 0x00007ffa2c031000 	C:\Program Files\JetBrains\IntelliJ IDEA 2021.3.2\jbr\bin\verify.dll
0x00007ffa1fdc0000 - 0x00007ffa1ffa4000 	C:\WINDOWS\SYSTEM32\DBGHELP.DLL
0x00007ffa1ee60000 - 0x00007ffa1ee8c000 	C:\WINDOWS\SYSTEM32\dbgcore.DLL
0x00007ffa303b0000 - 0x00007ffa30432000 	C:\WINDOWS\System32\bcryptPrimitives.dll
0x00007ffa2bfe0000 - 0x00007ffa2c009000 	C:\Program Files\JetBrains\IntelliJ IDEA 2021.3.2\jbr\bin\java.dll
0x00007ffa2c310000 - 0x00007ffa2c31b000 	C:\Program Files\JetBrains\IntelliJ IDEA 2021.3.2\jbr\bin\jimage.dll
0x00007ffa28dd0000 - 0x00007ffa28de8000 	C:\Program Files\JetBrains\IntelliJ IDEA 2021.3.2\jbr\bin\zip.dll
0x00007ffa317f0000 - 0x00007ffa31f34000 	C:\WINDOWS\System32\SHELL32.dll
0x00007ffa2e4e0000 - 0x00007ffa2ec74000 	C:\WINDOWS\SYSTEM32\windows.storage.dll
0x00007ffa30d50000 - 0x00007ffa310a4000 	C:\WINDOWS\System32\combase.dll
0x00007ffa2fe10000 - 0x00007ffa2fe3c000 	C:\WINDOWS\SYSTEM32\Wldp.dll
0x00007ffa32550000 - 0x00007ffa325fd000 	C:\WINDOWS\System32\SHCORE.dll
0x00007ffa31160000 - 0x00007ffa311b5000 	C:\WINDOWS\System32\shlwapi.dll
0x00007ffa302f0000 - 0x00007ffa3030f000 	C:\WINDOWS\SYSTEM32\profapi.dll
0x00007ffa28d80000 - 0x00007ffa28d9a000 	C:\Program Files\JetBrains\IntelliJ IDEA 2021.3.2\jbr\bin\net.dll
0x00007ffa2b230000 - 0x00007ffa2b339000 	C:\WINDOWS\SYSTEM32\WINHTTP.dll
0x00007ffa2fb70000 - 0x00007ffa2fbda000 	C:\WINDOWS\system32\mswsock.dll
0x00007ffa27410000 - 0x00007ffa27424000 	C:\Program Files\JetBrains\IntelliJ IDEA 2021.3.2\jbr\bin\nio.dll
0x00007ffa2fd60000 - 0x00007ffa2fd78000 	C:\WINDOWS\SYSTEM32\CRYPTSP.dll
0x00007ffa2f480000 - 0x00007ffa2f4b4000 	C:\WINDOWS\system32\rsaenh.dll
0x00007ffa30c00000 - 0x00007ffa30c27000 	C:\WINDOWS\System32\bcrypt.dll
0x00007ffa302b0000 - 0x00007ffa302de000 	C:\WINDOWS\SYSTEM32\USERENV.dll
0x00007ffa2fd80000 - 0x00007ffa2fd8c000 	C:\WINDOWS\SYSTEM32\CRYPTBASE.dll
0x00007ffa2f810000 - 0x00007ffa2f84b000 	C:\WINDOWS\SYSTEM32\IPHLPAPI.DLL
0x00007ffa31310000 - 0x00007ffa31318000 	C:\WINDOWS\System32\NSI.dll
0x00007ffa2abe0000 - 0x00007ffa2abf7000 	C:\WINDOWS\SYSTEM32\dhcpcsvc6.DLL
0x00007ffa2abc0000 - 0x00007ffa2abdd000 	C:\WINDOWS\SYSTEM32\dhcpcsvc.DLL
0x00007ffa2f860000 - 0x00007ffa2f92a000 	C:\WINDOWS\SYSTEM32\DNSAPI.dll
0x00007ffa1e210000 - 0x00007ffa1e218000 	C:\Program Files\JetBrains\IntelliJ IDEA 2021.3.2\jbr\bin\rmi.dll
0x00007ffa26e60000 - 0x00007ffa26e6a000 	C:\Windows\System32\rasadhlp.dll
0x00007ffa269c0000 - 0x00007ffa26a3f000 	C:\WINDOWS\System32\fwpuclnt.dll

dbghelp: loaded successfully - version: 4.0.5 - missing functions: none
symbol engine: initialized successfully - sym options: 0x614 - pdb path: .;C:\Program Files\JetBrains\IntelliJ IDEA 2021.3.2\jbr\bin;C:\WINDOWS\SYSTEM32;C:\WINDOWS\WinSxS\amd64_microsoft.windows.common-controls_6595b64144ccf1df_6.0.19041.1110_none_60b5254171f9507e;C:\Program Files\JetBrains\IntelliJ IDEA 2021.3.2\jbr\bin\server

VM Arguments:
jvm_args: -Djava.rmi.server.hostname=127.0.0.1 -Duser.timezone=UTC -Xmx750m -Xms128m -Dfile.encoding=UTF-8 
java_command: com.intellij.database.remote.RemoteJdbcServer org.mariadb.jdbc.Driver
java_class_path (initial): C:\Program Files\JetBrains\IntelliJ IDEA 2021.3.2\lib\util.jar;C:\Program Files\JetBrains\IntelliJ IDEA 2021.3.2\lib\org_codehaus_groovy_groovy.jar;C:\Program Files\JetBrains\IntelliJ IDEA 2021.3.2\plugins\DatabaseTools\lib\jdbc-console.jar;C:\Users\MinJee\AppData\Roaming\JetBrains\IntelliJIdea2021.3\jdbc-drivers\MariaDB Connector J\2.7.3\mariadb-java-client-2.7.3.jar
Launcher Type: SUN_STANDARD

[Global flags]
     intx CICompilerCount                          = 3                                         {product} {ergonomic}
     uint ConcGCThreads                            = 1                                         {product} {ergonomic}
     uint G1ConcRefinementThreads                  = 4                                         {product} {ergonomic}
   size_t G1HeapRegionSize                         = 1048576                                   {product} {ergonomic}
    uintx GCDrainStackTargetSize                   = 64                                        {product} {ergonomic}
   size_t InitialHeapSize                          = 134217728                                 {product} {command line}
   size_t MarkStackSize                            = 4194304                                   {product} {ergonomic}
   size_t MaxHeapSize                              = 786432000                                 {product} {command line}
   size_t MaxNewSize                               = 471859200                                 {product} {ergonomic}
   size_t MinHeapDeltaBytes                        = 1048576                                   {product} {ergonomic}
    uintx NonNMethodCodeHeapSize                   = 5830732                                {pd product} {ergonomic}
    uintx NonProfiledCodeHeapSize                  = 122913754                              {pd product} {ergonomic}
    uintx ProfiledCodeHeapSize                     = 122913754                              {pd product} {ergonomic}
    uintx ReservedCodeCacheSize                    = 251658240                              {pd product} {ergonomic}
     bool SegmentedCodeCache                       = true                                      {product} {ergonomic}
     bool UseCompressedClassPointers               = true                                 {lp64_product} {ergonomic}
     bool UseCompressedOops                        = true                                 {lp64_product} {ergonomic}
     bool UseG1GC                                  = true                                      {product} {ergonomic}
     bool UseLargePagesIndividualAllocation        = false                                  {pd product} {ergonomic}

Logging:
Log output configuration:
 #0: stdout all=warning uptime,level,tags
 #1: stderr all=off uptime,level,tags

Environment Variables:
PATH=%JAVA_HOME%\bin;C:\Program Files (x86)\Common Files\Oracle\Java\javapath;C:\Windows\system32;C:\Windows;C:\Windows\System32\Wbem;C:\Windows\System32\WindowsPowerShell\v1.0\;C:\Windows\System32\OpenSSH\;C:\Program Files (x86)\NVIDIA Corporation\PhysX\Common;C:\Program Files\nodejs\;C:\Program Files\SlikSvn\bin;C:\Program Files\dotnet\;C:\Program Files\Java\jdk-12\bin;C:\Users\openssl-0.9.8k_X64;C:\Program Files\MATLAB\R2019a\bin;C:\WINDOWS\system32;C:\WINDOWS;C:\WINDOWS\System32\Wbem;C:\WINDOWS\System32\WindowsPowerShell\v1.0\;C:\WINDOWS\System32\OpenSSH\;C:\Program Files\Datasolution\KoreaPlus Statistics\Statistics\25\JRE\bin;C:\Users\MinJee\AppData\Local\GitHubDesktop\app-2.9.11\resources\app\git\cmd;C:\Program Files\MySQL\MySQL Shell 8.0\bin\;C:\Users\MinJee\AppData\Local\Programs\Python\Python37-32\Scripts\;C:\Users\MinJee\AppData\Local\Programs\Python\Python37-32\;c:\windows\system32;C:\Users\MinJee\AppData\Local\Microsoft\WindowsApps;C:\Users\MinJee\AppData\Roaming\npm;C:\Program Files\JetBrains\PyCharm Community Edition 2019.1.1\bin;C:\Users\MinJee\AppData\Local\atom\bin;C:\Users\MinJee\AppData\Local\Microsoft\WindowsApps;C:\Users\MinJee\AppData\Local\GitHubDesktop\bin;
USERNAME=MinJee
OS=Windows_NT
PROCESSOR_IDENTIFIER=Intel64 Family 6 Model 58 Stepping 9, GenuineIntel



---------------  S Y S T E M  ---------------

OS: Windows 10 , 64 bit Build 19041 (10.0.19041.1566)
OS uptime: 6 days 23:42 hours

CPU:total 4 (initial active 4) (4 cores per cpu, 1 threads per core) family 6 model 58 stepping 9 microcode 0x21, cmov, cx8, fxsr, mmx, sse, sse2, sse3, ssse3, sse4.1, sse4.2, popcnt, avx, aes, clmul, erms, tsc, tscinvbit, tscinv

Memory: 4k page, system-wide physical 8137M (2514M free)
TotalPageFile size 32713M (AvailPageFile size 6M)
current process WorkingSet (physical memory assigned to process): 38M, peak: 121M
current process commit charge ("private bytes"): 215M, peak: 246M

vm_info: OpenJDK 64-Bit Server VM (11.0.13+7-b1751.25) for windows-amd64 JRE (11.0.13+7-b1751.25), built on Jan 13 2022 20:47:27 by "" with MS VC++ 14.0 (VS2015)

END.
